# JRE version: OpenJDK Runtime Environment Temurin-17.0.10+7 (17.0.10+7) (build 17.0.10+7)
# Java VM: OpenJDK 64-Bit Server VM Temurin-17.0.10+7 (17.0.10+7, mixed mode, emulated-client, tiered, compressed oops, compressed class ptrs, g1 gc, windows-amd64)
GC Precious Log:
 CPUs: 8 total, 8 available
 Memory: 15761M
 Large Page Support: Disabled
 NUMA Support: Disabled
 Compressed Oops: Enabled (32-bit)
 Heap Region Size: 1M
 Heap Min Capacity: 8M
 Heap Initial Capacity: 248M
 Heap Max Capacity: 1G
 Pre-touch: Disabled
 Parallel Workers: 8
 Concurrent Workers: 2
 Concurrent Refinement Workers: 8
 Periodic GC: Disabled
Heap:
 garbage-first heap   total 81920K, used 24057K [0x00000000c0000000, 0x0000000100000000)
  region size 1024K, 1 young (1024K), 0 survivors (0K)
 Metaspace       used 38720K, committed 39296K, reserved 1114112K
  class space    used 5106K, committed 5376K, reserved 1048576K
GC Heap History (20 events):
Event: 2013.575 GC heap before
{Heap before GC invocations=179 (full 171):
 garbage-first heap   total 81920K, used 24057K [0x00000000c0000000, 0x0000000100000000)
  region size 1024K, 1 young (1024K), 0 survivors (0K)
 Metaspace       used 38720K, committed 39296K, reserved 1114112K
  class space    used 5106K, committed 5376K, reserved 1048576K
}
Event: 2013.607 GC heap after
{Heap after GC invocations=180 (full 172):
 garbage-first heap   total 81920K, used 24057K [0x00000000c0000000, 0x0000000100000000)
  region size 1024K, 0 young (0K), 0 survivors (0K)
 Metaspace       used 38720K, committed 39296K, reserved 1114112K
  class space    used 5106K, committed 5376K, reserved 1048576K
}
Event: 2024.707 GC heap before
{Heap before GC invocations=180 (full 172):
 garbage-first heap   total 81920K, used 24057K [0x00000000c0000000, 0x0000000100000000)
  region size 1024K, 1 young (1024K), 0 survivors (0K)
 Metaspace       used 38720K, committed 39296K, reserved 1114112K
  class space    used 5106K, committed 5376K, reserved 1048576K
}
Event: 2024.739 GC heap after
{Heap after GC invocations=181 (full 173):
 garbage-first heap   total 81920K, used 24057K [0x00000000c0000000, 0x0000000100000000)
  region size 1024K, 0 young (0K), 0 survivors (0K)
 Metaspace       used 38720K, committed 39296K, reserved 1114112K
  class space    used 5106K, committed 5376K, reserved 1048576K
}
Event: 2035.332 GC heap before
{Heap before GC invocations=181 (full 173):
 garbage-first heap   total 81920K, used 24057K [0x00000000c0000000, 0x0000000100000000)
  region size 1024K, 1 young (1024K), 0 survivors (0K)
 Metaspace       used 38720K, committed 39296K, reserved 1114112K
  class space    used 5106K, committed 5376K, reserved 1048576K
}
Event: 2035.364 GC heap after
{Heap after GC invocations=182 (full 174):
 garbage-first heap   total 81920K, used 24057K [0x00000000c0000000, 0x0000000100000000)
  region size 1024K, 0 young (0K), 0 survivors (0K)
 Metaspace       used 38720K, committed 39296K, reserved 1114112K
  class space    used 5106K, committed 5376K, reserved 1048576K
}
Event: 2045.857 GC heap before
{Heap before GC invocations=182 (full 174):
 garbage-first heap   total 81920K, used 24057K [0x00000000c0000000, 0x0000000100000000)
  region size 1024K, 1 young (1024K), 0 survivors (0K)
 Metaspace       used 38720K, committed 39296K, reserved 1114112K
  class space    used 5106K, committed 5376K, reserved 1048576K
}
Event: 2045.891 GC heap after
{Heap after GC invocations=183 (full 175):
 garbage-first heap   total 81920K, used 24057K [0x00000000c0000000, 0x0000000100000000)
  region size 1024K, 0 young (0K), 0 survivors (0K)
 Metaspace       used 38720K, committed 39296K, reserved 1114112K
  class space    used 5106K, committed 5376K, reserved 1048576K
}
Event: 2056.469 GC heap before
{Heap before GC invocations=183 (full 175):
 garbage-first heap   total 81920K, used 24057K [0x00000000c0000000, 0x0000000100000000)
  region size 1024K, 1 young (1024K), 0 survivors (0K)
 Metaspace       used 38720K, committed 39296K, reserved 1114112K
  class space    used 5106K, committed 5376K, reserved 1048576K
}
Event: 2056.503 GC heap after
{Heap after GC invocations=184 (full 176):
 garbage-first heap   total 81920K, used 24057K [0x00000000c0000000, 0x0000000100000000)
  region size 1024K, 0 young (0K), 0 survivors (0K)
 Metaspace       used 38720K, committed 39296K, reserved 1114112K
  class space    used 5106K, committed 5376K, reserved 1048576K
}
Event: 2067.140 GC heap before
{Heap before GC invocations=184 (full 176):
 garbage-first heap   total 81920K, used 24057K [0x00000000c0000000, 0x0000000100000000)
  region size 1024K, 1 young (1024K), 0 survivors (0K)
 Metaspace       used 38720K, committed 39296K, reserved 1114112K
  class space    used 5106K, committed 5376K, reserved 1048576K
}
Event: 2067.181 GC heap after
{Heap after GC invocations=185 (full 177):
 garbage-first heap   total 81920K, used 24057K [0x00000000c0000000, 0x0000000100000000)
  region size 1024K, 0 young (0K), 0 survivors (0K)
 Metaspace       used 38720K, committed 39296K, reserved 1114112K
  class space    used 5106K, committed 5376K, reserved 1048576K
}
Event: 2077.764 GC heap before
{Heap before GC invocations=185 (full 177):
 garbage-first heap   total 81920K, used 24057K [0x00000000c0000000, 0x0000000100000000)
  region size 1024K, 1 young (1024K), 0 survivors (0K)
 Metaspace       used 38720K, committed 39296K, reserved 1114112K
  class space    used 5106K, committed 5376K, reserved 1048576K
}
Event: 2077.796 GC heap after
{Heap after GC invocations=186 (full 178):
 garbage-first heap   total 81920K, used 24057K [0x00000000c0000000, 0x0000000100000000)
  region size 1024K, 0 young (0K), 0 survivors (0K)
 Metaspace       used 38720K, committed 39296K, reserved 1114112K
  class space    used 5106K, committed 5376K, reserved 1048576K
}
Event: 2088.426 GC heap before
{Heap before GC invocations=186 (full 178):
 garbage-first heap   total 81920K, used 24057K [0x00000000c0000000, 0x0000000100000000)
  region size 1024K, 1 young (1024K), 0 survivors (0K)
 Metaspace       used 38720K, committed 39296K, reserved 1114112K
  class space    used 5106K, committed 5376K, reserved 1048576K
}
Event: 2088.458 GC heap after
{Heap after GC invocations=187 (full 179):
 garbage-first heap   total 81920K, used 24057K [0x00000000c0000000, 0x0000000100000000)
  region size 1024K, 0 young (0K), 0 survivors (0K)
 Metaspace       used 38720K, committed 39296K, reserved 1114112K
  class space    used 5106K, committed 5376K, reserved 1048576K
}
Event: 2098.987 GC heap before
{Heap before GC invocations=187 (full 179):
 garbage-first heap   total 81920K, used 24057K [0x00000000c0000000, 0x0000000100000000)
  region size 1024K, 1 young (1024K), 0 survivors (0K)
 Metaspace       used 38720K, committed 39296K, reserved 1114112K
  class space    used 5106K, committed 5376K, reserved 1048576K
}
Event: 2099.021 GC heap after
{Heap after GC invocations=188 (full 180):
 garbage-first heap   total 81920K, used 24057K [0x00000000c0000000, 0x0000000100000000)
  region size 1024K, 0 young (0K), 0 survivors (0K)
 Metaspace       used 38720K, committed 39296K, reserved 1114112K
  class space    used 5106K, committed 5376K, reserved 1048576K
}
Event: 2109.463 GC heap before
{Heap before GC invocations=188 (full 180):
 garbage-first heap   total 81920K, used 24057K [0x00000000c0000000, 0x0000000100000000)
  region size 1024K, 1 young (1024K), 0 survivors (0K)
 Metaspace       used 38720K, committed 39296K, reserved 1114112K
  class space    used 5106K, committed 5376K, reserved 1048576K
}
Event: 2109.497 GC heap after
{Heap after GC invocations=189 (full 181):
 garbage-first heap   total 81920K, used 24057K [0x00000000c0000000, 0x0000000100000000)
  region size 1024K, 0 young (0K), 0 survivors (0K)
 Metaspace       used 38720K, committed 39296K, reserved 1114112K
  class space    used 5106K, committed 5376K, reserved 1048576K
}

